<?xml version="1.0" encoding="UTF-8"?>
<!-- Generated by org.testng.reporters.JUnitXMLReporter -->
<testsuite hostname="DESKTOP-1KV4RLQ" failures="0" tests="3" name="Default test" time="0.099" errors="0" timestamp="22 Jul 2022 03:46:24 GMT">
  <testcase classname="dataprovider.ignoretest" name="test2" time="0.046"/>
  <testcase classname="dataprovider.ignoretest" name="test3" time="0.003"/>
  <testcase classname="dataprovider.ignoretest" name="test4" time="0.007"/>
</testsuite> <!-- Default test -->
