<?xml version="1.0" encoding="UTF-8"?>
<!-- Generated by org.testng.reporters.JUnitXMLReporter -->
<testsuite hostname="DESKTOP-1KV4RLQ" failures="0" tests="3" name="Test" time="71.431" errors="0" timestamp="15 Jul 2022 04:26:27 GMT">
  <testcase classname="testpackage.TC_001_Login_Test" name="validlogin" time="28.052"/>
  <testcase classname="testpackage.TC_002_Login_Test" name="validlogin" time="17.647"/>
  <testcase classname="testpackage.TC_003_Login_Test" name="validlogin" time="25.544"/>
</testsuite> <!-- Test -->
