<?xml version="1.0" encoding="UTF-8"?>
<testng-results total="1" passed="1" failed="0" skipped="0">
  <reporter-output>
  </reporter-output>
  <suite started-at="2022-07-26T03:16:41Z" name="Suite" finished-at="2022-07-26T03:16:41Z" duration-ms="28">
    <groups>
      <group name="regression">
        <method signature="gouping.test6()[pri:0, instance:dataprovider.gouping@5f354bcf]" name="test6" class="dataprovider.gouping"/>
      </group> <!-- regression -->
      <group name="sanity">
        <method signature="gouping.test6()[pri:0, instance:dataprovider.gouping@5f354bcf]" name="test6" class="dataprovider.gouping"/>
      </group> <!-- sanity -->
    </groups>
    <test started-at="2022-07-26T03:16:41Z" name="Test1" finished-at="2022-07-26T03:16:41Z" duration-ms="28">
      <class name="dataprovider.gouping">
        <test-method signature="test6()[pri:0, instance:dataprovider.gouping@5f354bcf]" started-at="2022-07-26T08:46:41Z" name="test6" finished-at="2022-07-26T08:46:41Z" duration-ms="11" status="PASS">
          <reporter-output>
          </reporter-output>
        </test-method> <!-- test6 -->
      </class> <!-- dataprovider.gouping -->
    </test> <!-- Test1 -->
  </suite> <!-- Suite -->
</testng-results>
