<?xml version="1.0" encoding="UTF-8"?>
<testng-results total="3" passed="3" failed="0" skipped="0">
  <reporter-output>
  </reporter-output>
  <suite started-at="2022-07-26T03:16:17Z" name="Suite" finished-at="2022-07-26T03:16:17Z" duration-ms="57">
    <groups>
      <group name="regression">
        <method signature="gouping.test4()[pri:0, instance:dataprovider.gouping@26ceffa8]" name="test4" class="dataprovider.gouping"/>
        <method signature="gouping.test5()[pri:0, instance:dataprovider.gouping@26ceffa8]" name="test5" class="dataprovider.gouping"/>
        <method signature="gouping.test6()[pri:0, instance:dataprovider.gouping@26ceffa8]" name="test6" class="dataprovider.gouping"/>
      </group> <!-- regression -->
      <group name="sanity">
        <method signature="gouping.test6()[pri:0, instance:dataprovider.gouping@26ceffa8]" name="test6" class="dataprovider.gouping"/>
      </group> <!-- sanity -->
    </groups>
    <test started-at="2022-07-26T03:16:17Z" name="Test1" finished-at="2022-07-26T03:16:17Z" duration-ms="57">
      <class name="dataprovider.gouping">
        <test-method signature="test4()[pri:0, instance:dataprovider.gouping@26ceffa8]" started-at="2022-07-26T08:46:17Z" name="test4" finished-at="2022-07-26T08:46:17Z" duration-ms="17" status="PASS">
          <reporter-output>
          </reporter-output>
        </test-method> <!-- test4 -->
        <test-method signature="test5()[pri:0, instance:dataprovider.gouping@26ceffa8]" started-at="2022-07-26T08:46:17Z" name="test5" finished-at="2022-07-26T08:46:17Z" duration-ms="2" status="PASS">
          <reporter-output>
          </reporter-output>
        </test-method> <!-- test5 -->
        <test-method signature="test6()[pri:0, instance:dataprovider.gouping@26ceffa8]" started-at="2022-07-26T08:46:17Z" name="test6" finished-at="2022-07-26T08:46:17Z" duration-ms="1" status="PASS">
          <reporter-output>
          </reporter-output>
        </test-method> <!-- test6 -->
      </class> <!-- dataprovider.gouping -->
    </test> <!-- Test1 -->
  </suite> <!-- Suite -->
</testng-results>
